<?xml version="1.0" encoding="UTF-8"?>
<testsuite name="com.example.forum.services.ContactServiceImplTest" tests="3" skipped="0" failures="0" errors="0" timestamp="2023-04-01T10:33:43" hostname="DESKTOP-3INN96D" time="0.042">
  <properties/>
  <testcase name="saveMessage_CallRepository_()" classname="com.example.forum.services.ContactServiceImplTest" time="0.025"/>
  <testcase name="getMessages_CallRepository_()" classname="com.example.forum.services.ContactServiceImplTest" time="0.007"/>
  <testcase name="deleteMessage_CallRepository_()" classname="com.example.forum.services.ContactServiceImplTest" time="0.004"/>
  <system-out><![CDATA[]]></system-out>
  <system-err><![CDATA[]]></system-err>
</testsuite>
